<?xml version="1.0" encoding="UTF-8"?>
<!-- Generated by org.testng.reporters.JUnitReportReporter -->
<testsuite hostname="sofiene" failures="0" tests="2" name="Section11.L03a_TestngXml" time="0.002" errors="0" timestamp="2023-08-31T21:45:36 CET" skipped="0">
  <testcase classname="Section11.L03a_TestngXml" name="method2" time="0.001"/>
  <system-out/>
  <testcase classname="Section11.L03a_TestngXml" name="method1" time="0.001"/>
  <system-out/>
</testsuite> <!-- Section11.L03a_TestngXml -->
