<?xml version="1.0" encoding="UTF-8"?>
<!-- Generated by org.testng.reporters.JUnitReportReporter -->
<testsuite hostname="sofiene" failures="0" tests="2" name="Section11.L06_Homepage" time="0.008" errors="0" timestamp="2023-08-31T21:59:41 CET" skipped="0">
  <testcase classname="Section11.L06_Homepage" name="Desktop_login" time="0.002"/>
  <system-out/>
  <testcase classname="Section11.L06_Homepage" name="Desktop_addItem" time="0.006"/>
  <system-out/>
</testsuite> <!-- Section11.L06_Homepage -->
