<?xml version="1.0" encoding="UTF-8"?>
<!-- Generated by org.testng.reporters.JUnitReportReporter -->
<testsuite hostname="sofiene" failures="0" tests="1" name="Section11.L09_Annotation_Pt2" time="12.234" errors="0" timestamp="2023-09-01T10:40:25 CET" skipped="0">
  <testcase classname="Section11.L09_Annotation_Pt2" name="test" time="12.234"/>
  <system-out/>
</testsuite> <!-- Section11.L09_Annotation_Pt2 -->
