<?xml version="1.0" encoding="UTF-8"?>
<!-- Generated by org.testng.reporters.JUnitReportReporter -->
<testsuite hostname="sofiene" failures="0" tests="1" name="Section12.L04_Login" time="8.487" errors="0" timestamp="2023-09-01T15:10:53 CET" skipped="0">
  <testcase classname="Section12.L04_Login" name="signin" time="8.487"/>
  <system-out/>
</testsuite> <!-- Section12.L04_Login -->
