<?xml version="1.0" encoding="UTF-8"?>
<!-- Generated by org.testng.reporters.JUnitReportReporter -->
<testsuite hostname="sofiene" failures="0" tests="3" name="Section11.L13_DependOnMethods" time="10.320" errors="0" timestamp="2023-09-01T12:23:41 CET" skipped="0">
  <testcase classname="Section11.L13_DependOnMethods" name="clickBtn" time="4.180"/>
  <system-out/>
  <testcase classname="Section11.L13_DependOnMethods" name="enterPassword" time="3.072"/>
  <system-out/>
  <testcase classname="Section11.L13_DependOnMethods" name="enterEmail" time="3.068"/>
  <system-out/>
</testsuite> <!-- Section11.L13_DependOnMethods -->
