<?xml version="1.0" encoding="UTF-8"?>
<!-- Generated by org.testng.reporters.JUnitReportReporter -->
<testsuite hostname="sofiene" failures="0" tests="1" name="Section12.L02_Login" time="5.424" errors="0" timestamp="2023-09-01T14:21:01 CET" skipped="0">
  <testcase classname="Section12.L02_Login" name="signin" time="5.424"/>
  <system-out/>
</testsuite> <!-- Section12.L02_Login -->
