<?xml version="1.0" encoding="UTF-8"?>
<!-- Generated by org.testng.reporters.JUnitReportReporter -->
<testsuite hostname="sofiene" failures="0" tests="2" name="Section11.L14_Enabled" time="3.076" errors="0" timestamp="2023-09-01T12:27:19 CET" skipped="1">
  <testcase classname="Section11.L14_Enabled" name="enterPassword" time="3.076"/>
  <system-out/>
  <testcase classname="Section11.L14_Enabled" name="enterEmail">
    <skipped/>
  </testcase> <!-- enterEmail -->
  <system-out/>
</testsuite> <!-- Section11.L14_Enabled -->
