<?xml version="1.0" encoding="UTF-8"?>
<!-- Generated by org.testng.reporters.JUnitReportReporter -->
<testsuite hostname="sofiene" failures="0" tests="1" name="Section11.L02_TestngInstall" time="0.005" errors="0" timestamp="2023-08-31T21:45:36 CET" skipped="0">
  <testcase classname="Section11.L02_TestngInstall" name="helloWorld" time="0.005"/>
  <system-out/>
</testsuite> <!-- Section11.L02_TestngInstall -->
