<?xml version="1.0" encoding="UTF-8"?>
<!-- Generated by org.testng.reporters.JUnitReportReporter -->
<testsuite hostname="sofiene" failures="0" tests="1" name="Section12.L03_Login" time="4.409" errors="0" timestamp="2023-09-01T14:36:19 CET" skipped="0">
  <testcase classname="Section12.L03_Login" name="signin" time="4.409"/>
  <system-out/>
</testsuite> <!-- Section12.L03_Login -->
