<?xml version="1.0" encoding="UTF-8"?>
<!-- Generated by org.testng.reporters.JUnitReportReporter -->
<testsuite hostname="sofiene" failures="0" tests="2" name="Section11.L11_Parameters" time="9.387" errors="0" timestamp="2023-09-01T11:21:34 CET" skipped="0">
  <testcase classname="Section11.L11_Parameters" name="test" time="2.949"/>
  <system-out/>
  <testcase classname="Section11.L11_Parameters" name="signin" time="6.438"/>
  <system-out/>
</testsuite> <!-- Section11.L11_Parameters -->
