<?xml version="1.0" encoding="UTF-8"?>
<!-- Generated by org.testng.reporters.JUnitReportReporter -->
<testsuite hostname="sofiene" failures="0" tests="1" name="Section11.L08_Annotation_Pt1" time="3.505" errors="0" timestamp="2023-09-01T10:06:42 CET" skipped="0">
  <testcase classname="Section11.L08_Annotation_Pt1" name="test" time="3.505"/>
  <system-out/>
</testsuite> <!-- Section11.L08_Annotation_Pt1 -->
