<?xml version="1.0" encoding="UTF-8"?>
<!-- Generated by org.testng.reporters.JUnitReportReporter -->
<testsuite hostname="sofiene" failures="0" tests="1" name="Section11.L04b_TestngXml2" time="0.007" errors="0" timestamp="2023-08-31T21:51:15 CET" skipped="0">
  <testcase classname="Section11.L04b_TestngXml2" name="method7" time="0.007"/>
  <system-out/>
</testsuite> <!-- Section11.L04b_TestngXml2 -->
